The system is: Linux - 4.15.0-65-generic - x86_64
Compiling the C compiler identification source file "CMakeCCompilerId.c" succeeded.
Compiler: /usr/bin/cc 
Build flags: 
Id flags: 

The output was:
0


Compilation of the C compiler identification source "CMakeCCompilerId.c" produced "a.out"

The C compiler identification is GNU, found in "/home/disa/catkin_ws/src/dlib-19.18/build/temp.linux-x86_64-2.7/CMakeFiles/3.5.1/CompilerIdC/a.out"

Compiling the CXX compiler identification source file "CMakeCXXCompilerId.cpp" succeeded.
Compiler: /usr/bin/c++ 
Build flags: 
Id flags: 

The output was:
0


Compilation of the CXX compiler identification source "CMakeCXXCompilerId.cpp" produced "a.out"

The CXX compiler identification is GNU, found in "/home/disa/catkin_ws/src/dlib-19.18/build/temp.linux-x86_64-2.7/CMakeFiles/3.5.1/CompilerIdCXX/a.out"

Determining if the C compiler works passed with the following output:
Change Dir: /home/disa/catkin_ws/src/dlib-19.18/build/temp.linux-x86_64-2.7/CMakeFiles/CMakeTmp

Run Build Command:"/usr/bin/make" "cmTC_4a9c2/fast"
/usr/bin/make -f CMakeFiles/cmTC_4a9c2.dir/build.make CMakeFiles/cmTC_4a9c2.dir/build
make[1]: se entra en el directorio '/home/disa/catkin_ws/src/dlib-19.18/build/temp.linux-x86_64-2.7/CMakeFiles/CMakeTmp'
Building C object CMakeFiles/cmTC_4a9c2.dir/testCCompiler.c.o
/usr/bin/cc     -o CMakeFiles/cmTC_4a9c2.dir/testCCompiler.c.o   -c /home/disa/catkin_ws/src/dlib-19.18/build/temp.linux-x86_64-2.7/CMakeFiles/CMakeTmp/testCCompiler.c
Linking C executable cmTC_4a9c2
/usr/bin/cmake -E cmake_link_script CMakeFiles/cmTC_4a9c2.dir/link.txt --verbose=1
/usr/bin/cc       CMakeFiles/cmTC_4a9c2.dir/testCCompiler.c.o  -o cmTC_4a9c2 -rdynamic 
make[1]: se sale del directorio '/home/disa/catkin_ws/src/dlib-19.18/build/temp.linux-x86_64-2.7/CMakeFiles/CMakeTmp'


Detecting C compiler ABI info compiled with the following output:
Change Dir: /home/disa/catkin_ws/src/dlib-19.18/build/temp.linux-x86_64-2.7/CMakeFiles/CMakeTmp

Run Build Command:"/usr/bin/make" "cmTC_adfcd/fast"
/usr/bin/make -f CMakeFiles/cmTC_adfcd.dir/build.make CMakeFiles/cmTC_adfcd.dir/build
make[1]: se entra en el directorio '/home/disa/catkin_ws/src/dlib-19.18/build/temp.linux-x86_64-2.7/CMakeFiles/CMakeTmp'
Building C object CMakeFiles/cmTC_adfcd.dir/CMakeCCompilerABI.c.o
/usr/bin/cc     -o CMakeFiles/cmTC_adfcd.dir/CMakeCCompilerABI.c.o   -c /usr/share/cmake-3.5/Modules/CMakeCCompilerABI.c
Linking C executable cmTC_adfcd
/usr/bin/cmake -E cmake_link_script CMakeFiles/cmTC_adfcd.dir/link.txt --verbose=1
/usr/bin/cc      -v CMakeFiles/cmTC_adfcd.dir/CMakeCCompilerABI.c.o  -o cmTC_adfcd -rdynamic  
Using built-in specs.
COLLECT_GCC=/usr/bin/cc
COLLECT_LTO_WRAPPER=/usr/lib/gcc/x86_64-linux-gnu/5/lto-wrapper
Target: x86_64-linux-gnu
Configured with: ../src/configure -v --with-pkgversion='Ubuntu 5.4.0-6ubuntu1~16.04.11' --with-bugurl=file:///usr/share/doc/gcc-5/README.Bugs --enable-languages=c,ada,c++,java,go,d,fortran,objc,obj-c++ --prefix=/usr --program-suffix=-5 --enable-shared --enable-linker-build-id --libexecdir=/usr/lib --without-included-gettext --enable-threads=posix --libdir=/usr/lib --enable-nls --with-sysroot=/ --enable-clocale=gnu --enable-libstdcxx-debug --enable-libstdcxx-time=yes --with-default-libstdcxx-abi=new --enable-gnu-unique-object --disable-vtable-verify --enable-libmpx --enable-plugin --with-system-zlib --disable-browser-plugin --enable-java-awt=gtk --enable-gtk-cairo --with-java-home=/usr/lib/jvm/java-1.5.0-gcj-5-amd64/jre --enable-java-home --with-jvm-root-dir=/usr/lib/jvm/java-1.5.0-gcj-5-amd64 --with-jvm-jar-dir=/usr/lib/jvm-exports/java-1.5.0-gcj-5-amd64 --with-arch-directory=amd64 --with-ecj-jar=/usr/share/java/eclipse-ecj.jar --enable-objc-gc --enable-multiarch --disable-werror --with-arch-32=i686 --with-abi=m64 --with-multilib-list=m32,m64,mx32 --enable-multilib --with-tune=generic --enable-checking=release --build=x86_64-linux-gnu --host=x86_64-linux-gnu --target=x86_64-linux-gnu
Thread model: posix
gcc version 5.4.0 20160609 (Ubuntu 5.4.0-6ubuntu1~16.04.11) 
COMPILER_PATH=/usr/lib/gcc/x86_64-linux-gnu/5/:/usr/lib/gcc/x86_64-linux-gnu/5/:/usr/lib/gcc/x86_64-linux-gnu/:/usr/lib/gcc/x86_64-linux-gnu/5/:/usr/lib/gcc/x86_64-linux-gnu/
LIBRARY_PATH=/usr/lib/gcc/x86_64-linux-gnu/5/:/usr/lib/gcc/x86_64-linux-gnu/5/../../../x86_64-linux-gnu/:/usr/lib/gcc/x86_64-linux-gnu/5/../../../../lib/:/lib/x86_64-linux-gnu/:/lib/../lib/:/usr/lib/x86_64-linux-gnu/:/usr/lib/../lib/:/usr/lib/gcc/x86_64-linux-gnu/5/../../../:/lib/:/usr/lib/
COLLECT_GCC_OPTIONS='-v' '-o' 'cmTC_adfcd' '-rdynamic' '-mtune=generic' '-march=x86-64'
 /usr/lib/gcc/x86_64-linux-gnu/5/collect2 -plugin /usr/lib/gcc/x86_64-linux-gnu/5/liblto_plugin.so -plugin-opt=/usr/lib/gcc/x86_64-linux-gnu/5/lto-wrapper -plugin-opt=-fresolution=/tmp/ccU5qBn8.res -plugin-opt=-pass-through=-lgcc -plugin-opt=-pass-through=-lgcc_s -plugin-opt=-pass-through=-lc -plugin-opt=-pass-through=-lgcc -plugin-opt=-pass-through=-lgcc_s --sysroot=/ --build-id --eh-frame-hdr -m elf_x86_64 --hash-style=gnu --as-needed -export-dynamic -dynamic-linker /lib64/ld-linux-x86-64.so.2 -z relro -o cmTC_adfcd /usr/lib/gcc/x86_64-linux-gnu/5/../../../x86_64-linux-gnu/crt1.o /usr/lib/gcc/x86_64-linux-gnu/5/../../../x86_64-linux-gnu/crti.o /usr/lib/gcc/x86_64-linux-gnu/5/crtbegin.o -L/usr/lib/gcc/x86_64-linux-gnu/5 -L/usr/lib/gcc/x86_64-linux-gnu/5/../../../x86_64-linux-gnu -L/usr/lib/gcc/x86_64-linux-gnu/5/../../../../lib -L/lib/x86_64-linux-gnu -L/lib/../lib -L/usr/lib/x86_64-linux-gnu -L/usr/lib/../lib -L/usr/lib/gcc/x86_64-linux-gnu/5/../../.. CMakeFiles/cmTC_adfcd.dir/CMakeCCompilerABI.c.o -lgcc --as-needed -lgcc_s --no-as-needed -lc -lgcc --as-needed -lgcc_s --no-as-needed /usr/lib/gcc/x86_64-linux-gnu/5/crtend.o /usr/lib/gcc/x86_64-linux-gnu/5/../../../x86_64-linux-gnu/crtn.o
make[1]: se sale del directorio '/home/disa/catkin_ws/src/dlib-19.18/build/temp.linux-x86_64-2.7/CMakeFiles/CMakeTmp'


Parsed C implicit link information from above output:
  link line regex: [^( *|.*[/\])(ld|([^/\]+-)?ld|collect2)[^/\]*( |$)]
  ignore line: [Change Dir: /home/disa/catkin_ws/src/dlib-19.18/build/temp.linux-x86_64-2.7/CMakeFiles/CMakeTmp]
  ignore line: []
  ignore line: [Run Build Command:"/usr/bin/make" "cmTC_adfcd/fast"]
  ignore line: [/usr/bin/make -f CMakeFiles/cmTC_adfcd.dir/build.make CMakeFiles/cmTC_adfcd.dir/build]
  ignore line: [make[1]: se entra en el directorio '/home/disa/catkin_ws/src/dlib-19.18/build/temp.linux-x86_64-2.7/CMakeFiles/CMakeTmp']
  ignore line: [Building C object CMakeFiles/cmTC_adfcd.dir/CMakeCCompilerABI.c.o]
  ignore line: [/usr/bin/cc     -o CMakeFiles/cmTC_adfcd.dir/CMakeCCompilerABI.c.o   -c /usr/share/cmake-3.5/Modules/CMakeCCompilerABI.c]
  ignore line: [Linking C executable cmTC_adfcd]
  ignore line: [/usr/bin/cmake -E cmake_link_script CMakeFiles/cmTC_adfcd.dir/link.txt --verbose=1]
  ignore line: [/usr/bin/cc      -v CMakeFiles/cmTC_adfcd.dir/CMakeCCompilerABI.c.o  -o cmTC_adfcd -rdynamic  ]
  ignore line: [Using built-in specs.]
  ignore line: [COLLECT_GCC=/usr/bin/cc]
  ignore line: [COLLECT_LTO_WRAPPER=/usr/lib/gcc/x86_64-linux-gnu/5/lto-wrapper]
  ignore line: [Target: x86_64-linux-gnu]
  ignore line: [Configured with: ../src/configure -v --with-pkgversion='Ubuntu 5.4.0-6ubuntu1~16.04.11' --with-bugurl=file:///usr/share/doc/gcc-5/README.Bugs --enable-languages=c,ada,c++,java,go,d,fortran,objc,obj-c++ --prefix=/usr --program-suffix=-5 --enable-shared --enable-linker-build-id --libexecdir=/usr/lib --without-included-gettext --enable-threads=posix --libdir=/usr/lib --enable-nls --with-sysroot=/ --enable-clocale=gnu --enable-libstdcxx-debug --enable-libstdcxx-time=yes --with-default-libstdcxx-abi=new --enable-gnu-unique-object --disable-vtable-verify --enable-libmpx --enable-plugin --with-system-zlib --disable-browser-plugin --enable-java-awt=gtk --enable-gtk-cairo --with-java-home=/usr/lib/jvm/java-1.5.0-gcj-5-amd64/jre --enable-java-home --with-jvm-root-dir=/usr/lib/jvm/java-1.5.0-gcj-5-amd64 --with-jvm-jar-dir=/usr/lib/jvm-exports/java-1.5.0-gcj-5-amd64 --with-arch-directory=amd64 --with-ecj-jar=/usr/share/java/eclipse-ecj.jar --enable-objc-gc --enable-multiarch --disable-werror --with-arch-32=i686 --with-abi=m64 --with-multilib-list=m32,m64,mx32 --enable-multilib --with-tune=generic --enable-checking=release --build=x86_64-linux-gnu --host=x86_64-linux-gnu --target=x86_64-linux-gnu]
  ignore line: [Thread model: posix]
  ignore line: [gcc version 5.4.0 20160609 (Ubuntu 5.4.0-6ubuntu1~16.04.11) ]
  ignore line: [COMPILER_PATH=/usr/lib/gcc/x86_64-linux-gnu/5/:/usr/lib/gcc/x86_64-linux-gnu/5/:/usr/lib/gcc/x86_64-linux-gnu/:/usr/lib/gcc/x86_64-linux-gnu/5/:/usr/lib/gcc/x86_64-linux-gnu/]
  ignore line: [LIBRARY_PATH=/usr/lib/gcc/x86_64-linux-gnu/5/:/usr/lib/gcc/x86_64-linux-gnu/5/../../../x86_64-linux-gnu/:/usr/lib/gcc/x86_64-linux-gnu/5/../../../../lib/:/lib/x86_64-linux-gnu/:/lib/../lib/:/usr/lib/x86_64-linux-gnu/:/usr/lib/../lib/:/usr/lib/gcc/x86_64-linux-gnu/5/../../../:/lib/:/usr/lib/]
  ignore line: [COLLECT_GCC_OPTIONS='-v' '-o' 'cmTC_adfcd' '-rdynamic' '-mtune=generic' '-march=x86-64']
  link line: [ /usr/lib/gcc/x86_64-linux-gnu/5/collect2 -plugin /usr/lib/gcc/x86_64-linux-gnu/5/liblto_plugin.so -plugin-opt=/usr/lib/gcc/x86_64-linux-gnu/5/lto-wrapper -plugin-opt=-fresolution=/tmp/ccU5qBn8.res -plugin-opt=-pass-through=-lgcc -plugin-opt=-pass-through=-lgcc_s -plugin-opt=-pass-through=-lc -plugin-opt=-pass-through=-lgcc -plugin-opt=-pass-through=-lgcc_s --sysroot=/ --build-id --eh-frame-hdr -m elf_x86_64 --hash-style=gnu --as-needed -export-dynamic -dynamic-linker /lib64/ld-linux-x86-64.so.2 -z relro -o cmTC_adfcd /usr/lib/gcc/x86_64-linux-gnu/5/../../../x86_64-linux-gnu/crt1.o /usr/lib/gcc/x86_64-linux-gnu/5/../../../x86_64-linux-gnu/crti.o /usr/lib/gcc/x86_64-linux-gnu/5/crtbegin.o -L/usr/lib/gcc/x86_64-linux-gnu/5 -L/usr/lib/gcc/x86_64-linux-gnu/5/../../../x86_64-linux-gnu -L/usr/lib/gcc/x86_64-linux-gnu/5/../../../../lib -L/lib/x86_64-linux-gnu -L/lib/../lib -L/usr/lib/x86_64-linux-gnu -L/usr/lib/../lib -L/usr/lib/gcc/x86_64-linux-gnu/5/../../.. CMakeFiles/cmTC_adfcd.dir/CMakeCCompilerABI.c.o -lgcc --as-needed -lgcc_s --no-as-needed -lc -lgcc --as-needed -lgcc_s --no-as-needed /usr/lib/gcc/x86_64-linux-gnu/5/crtend.o /usr/lib/gcc/x86_64-linux-gnu/5/../../../x86_64-linux-gnu/crtn.o]
    arg [/usr/lib/gcc/x86_64-linux-gnu/5/collect2] ==> ignore
    arg [-plugin] ==> ignore
    arg [/usr/lib/gcc/x86_64-linux-gnu/5/liblto_plugin.so] ==> ignore
    arg [-plugin-opt=/usr/lib/gcc/x86_64-linux-gnu/5/lto-wrapper] ==> ignore
    arg [-plugin-opt=-fresolution=/tmp/ccU5qBn8.res] ==> ignore
    arg [-plugin-opt=-pass-through=-lgcc] ==> ignore
    arg [-plugin-opt=-pass-through=-lgcc_s] ==> ignore
    arg [-plugin-opt=-pass-through=-lc] ==> ignore
    arg [-plugin-opt=-pass-through=-lgcc] ==> ignore
    arg [-plugin-opt=-pass-through=-lgcc_s] ==> ignore
    arg [--sysroot=/] ==> ignore
    arg [--build-id] ==> ignore
    arg [--eh-frame-hdr] ==> ignore
    arg [-m] ==> ignore
    arg [elf_x86_64] ==> ignore
    arg [--hash-style=gnu] ==> ignore
    arg [--as-needed] ==> ignore
    arg [-export-dynamic] ==> ignore
    arg [-dynamic-linker] ==> ignore
    arg [/lib64/ld-linux-x86-64.so.2] ==> ignore
    arg [-zrelro] ==> ignore
    arg [-o] ==> ignore
    arg [cmTC_adfcd] ==> ignore
    arg [/usr/lib/gcc/x86_64-linux-gnu/5/../../../x86_64-linux-gnu/crt1.o] ==> ignore
    arg [/usr/lib/gcc/x86_64-linux-gnu/5/../../../x86_64-linux-gnu/crti.o] ==> ignore
    arg [/usr/lib/gcc/x86_64-linux-gnu/5/crtbegin.o] ==> ignore
    arg [-L/usr/lib/gcc/x86_64-linux-gnu/5] ==> dir [/usr/lib/gcc/x86_64-linux-gnu/5]
    arg [-L/usr/lib/gcc/x86_64-linux-gnu/5/../../../x86_64-linux-gnu] ==> dir [/usr/lib/gcc/x86_64-linux-gnu/5/../../../x86_64-linux-gnu]
    arg [-L/usr/lib/gcc/x86_64-linux-gnu/5/../../../../lib] ==> dir [/usr/lib/gcc/x86_64-linux-gnu/5/../../../../lib]
    arg [-L/lib/x86_64-linux-gnu] ==> dir [/lib/x86_64-linux-gnu]
    arg [-L/lib/../lib] ==> dir [/lib/../lib]
    arg [-L/usr/lib/x86_64-linux-gnu] ==> dir [/usr/lib/x86_64-linux-gnu]
    arg [-L/usr/lib/../lib] ==> dir [/usr/lib/../lib]
    arg [-L/usr/lib/gcc/x86_64-linux-gnu/5/../../..] ==> dir [/usr/lib/gcc/x86_64-linux-gnu/5/../../..]
    arg [CMakeFiles/cmTC_adfcd.dir/CMakeCCompilerABI.c.o] ==> ignore
    arg [-lgcc] ==> lib [gcc]
    arg [--as-needed] ==> ignore
    arg [-lgcc_s] ==> lib [gcc_s]
    arg [--no-as-needed] ==> ignore
    arg [-lc] ==> lib [c]
    arg [-lgcc] ==> lib [gcc]
    arg [--as-needed] ==> ignore
    arg [-lgcc_s] ==> lib [gcc_s]
    arg [--no-as-needed] ==> ignore
    arg [/usr/lib/gcc/x86_64-linux-gnu/5/crtend.o] ==> ignore
    arg [/usr/lib/gcc/x86_64-linux-gnu/5/../../../x86_64-linux-gnu/crtn.o] ==> ignore
  remove lib [gcc]
  remove lib [gcc_s]
  remove lib [gcc]
  remove lib [gcc_s]
  collapse library dir [/usr/lib/gcc/x86_64-linux-gnu/5] ==> [/usr/lib/gcc/x86_64-linux-gnu/5]
  collapse library dir [/usr/lib/gcc/x86_64-linux-gnu/5/../../../x86_64-linux-gnu] ==> [/usr/lib/x86_64-linux-gnu]
  collapse library dir [/usr/lib/gcc/x86_64-linux-gnu/5/../../../../lib] ==> [/usr/lib]
  collapse library dir [/lib/x86_64-linux-gnu] ==> [/lib/x86_64-linux-gnu]
  collapse library dir [/lib/../lib] ==> [/lib]
  collapse library dir [/usr/lib/x86_64-linux-gnu] ==> [/usr/lib/x86_64-linux-gnu]
  collapse library dir [/usr/lib/../lib] ==> [/usr/lib]
  collapse library dir [/usr/lib/gcc/x86_64-linux-gnu/5/../../..] ==> [/usr/lib]
  implicit libs: [c]
  implicit dirs: [/usr/lib/gcc/x86_64-linux-gnu/5;/usr/lib/x86_64-linux-gnu;/usr/lib;/lib/x86_64-linux-gnu;/lib]
  implicit fwks: []




Detecting C [-std=c11] compiler features compiled with the following output:
Change Dir: /home/disa/catkin_ws/src/dlib-19.18/build/temp.linux-x86_64-2.7/CMakeFiles/CMakeTmp

Run Build Command:"/usr/bin/make" "cmTC_23b5f/fast"
/usr/bin/make -f CMakeFiles/cmTC_23b5f.dir/build.make CMakeFiles/cmTC_23b5f.dir/build
make[1]: se entra en el directorio '/home/disa/catkin_ws/src/dlib-19.18/build/temp.linux-x86_64-2.7/CMakeFiles/CMakeTmp'
Building C object CMakeFiles/cmTC_23b5f.dir/feature_tests.c.o
/usr/bin/cc    -std=c11 -o CMakeFiles/cmTC_23b5f.dir/feature_tests.c.o   -c /home/disa/catkin_ws/src/dlib-19.18/build/temp.linux-x86_64-2.7/CMakeFiles/feature_tests.c
Linking C executable cmTC_23b5f
/usr/bin/cmake -E cmake_link_script CMakeFiles/cmTC_23b5f.dir/link.txt --verbose=1
/usr/bin/cc       CMakeFiles/cmTC_23b5f.dir/feature_tests.c.o  -o cmTC_23b5f -rdynamic 
make[1]: se sale del directorio '/home/disa/catkin_ws/src/dlib-19.18/build/temp.linux-x86_64-2.7/CMakeFiles/CMakeTmp'


    Feature record: C_FEATURE:1c_function_prototypes
    Feature record: C_FEATURE:1c_restrict
    Feature record: C_FEATURE:1c_static_assert
    Feature record: C_FEATURE:1c_variadic_macros


Detecting C [-std=c99] compiler features compiled with the following output:
Change Dir: /home/disa/catkin_ws/src/dlib-19.18/build/temp.linux-x86_64-2.7/CMakeFiles/CMakeTmp

Run Build Command:"/usr/bin/make" "cmTC_3a99f/fast"
/usr/bin/make -f CMakeFiles/cmTC_3a99f.dir/build.make CMakeFiles/cmTC_3a99f.dir/build
make[1]: se entra en el directorio '/home/disa/catkin_ws/src/dlib-19.18/build/temp.linux-x86_64-2.7/CMakeFiles/CMakeTmp'
Building C object CMakeFiles/cmTC_3a99f.dir/feature_tests.c.o
/usr/bin/cc    -std=c99 -o CMakeFiles/cmTC_3a99f.dir/feature_tests.c.o   -c /home/disa/catkin_ws/src/dlib-19.18/build/temp.linux-x86_64-2.7/CMakeFiles/feature_tests.c
Linking C executable cmTC_3a99f
/usr/bin/cmake -E cmake_link_script CMakeFiles/cmTC_3a99f.dir/link.txt --verbose=1
/usr/bin/cc       CMakeFiles/cmTC_3a99f.dir/feature_tests.c.o  -o cmTC_3a99f -rdynamic 
make[1]: se sale del directorio '/home/disa/catkin_ws/src/dlib-19.18/build/temp.linux-x86_64-2.7/CMakeFiles/CMakeTmp'


    Feature record: C_FEATURE:1c_function_prototypes
    Feature record: C_FEATURE:1c_restrict
    Feature record: C_FEATURE:0c_static_assert
    Feature record: C_FEATURE:1c_variadic_macros


Detecting C [-std=c90] compiler features compiled with the following output:
Change Dir: /home/disa/catkin_ws/src/dlib-19.18/build/temp.linux-x86_64-2.7/CMakeFiles/CMakeTmp

Run Build Command:"/usr/bin/make" "cmTC_e8737/fast"
/usr/bin/make -f CMakeFiles/cmTC_e8737.dir/build.make CMakeFiles/cmTC_e8737.dir/build
make[1]: se entra en el directorio '/home/disa/catkin_ws/src/dlib-19.18/build/temp.linux-x86_64-2.7/CMakeFiles/CMakeTmp'
Building C object CMakeFiles/cmTC_e8737.dir/feature_tests.c.o
/usr/bin/cc    -std=c90 -o CMakeFiles/cmTC_e8737.dir/feature_tests.c.o   -c /home/disa/catkin_ws/src/dlib-19.18/build/temp.linux-x86_64-2.7/CMakeFiles/feature_tests.c
Linking C executable cmTC_e8737
/usr/bin/cmake -E cmake_link_script CMakeFiles/cmTC_e8737.dir/link.txt --verbose=1
/usr/bin/cc       CMakeFiles/cmTC_e8737.dir/feature_tests.c.o  -o cmTC_e8737 -rdynamic 
make[1]: se sale del directorio '/home/disa/catkin_ws/src/dlib-19.18/build/temp.linux-x86_64-2.7/CMakeFiles/CMakeTmp'


    Feature record: C_FEATURE:1c_function_prototypes
    Feature record: C_FEATURE:0c_restrict
    Feature record: C_FEATURE:0c_static_assert
    Feature record: C_FEATURE:0c_variadic_macros
Determining if the CXX compiler works passed with the following output:
Change Dir: /home/disa/catkin_ws/src/dlib-19.18/build/temp.linux-x86_64-2.7/CMakeFiles/CMakeTmp

Run Build Command:"/usr/bin/make" "cmTC_33d69/fast"
/usr/bin/make -f CMakeFiles/cmTC_33d69.dir/build.make CMakeFiles/cmTC_33d69.dir/build
make[1]: se entra en el directorio '/home/disa/catkin_ws/src/dlib-19.18/build/temp.linux-x86_64-2.7/CMakeFiles/CMakeTmp'
Building CXX object CMakeFiles/cmTC_33d69.dir/testCXXCompiler.cxx.o
/usr/bin/c++      -o CMakeFiles/cmTC_33d69.dir/testCXXCompiler.cxx.o -c /home/disa/catkin_ws/src/dlib-19.18/build/temp.linux-x86_64-2.7/CMakeFiles/CMakeTmp/testCXXCompiler.cxx
Linking CXX executable cmTC_33d69
/usr/bin/cmake -E cmake_link_script CMakeFiles/cmTC_33d69.dir/link.txt --verbose=1
/usr/bin/c++        CMakeFiles/cmTC_33d69.dir/testCXXCompiler.cxx.o  -o cmTC_33d69 -rdynamic 
make[1]: se sale del directorio '/home/disa/catkin_ws/src/dlib-19.18/build/temp.linux-x86_64-2.7/CMakeFiles/CMakeTmp'


Detecting CXX compiler ABI info compiled with the following output:
Change Dir: /home/disa/catkin_ws/src/dlib-19.18/build/temp.linux-x86_64-2.7/CMakeFiles/CMakeTmp

Run Build Command:"/usr/bin/make" "cmTC_41ecc/fast"
/usr/bin/make -f CMakeFiles/cmTC_41ecc.dir/build.make CMakeFiles/cmTC_41ecc.dir/build
make[1]: se entra en el directorio '/home/disa/catkin_ws/src/dlib-19.18/build/temp.linux-x86_64-2.7/CMakeFiles/CMakeTmp'
Building CXX object CMakeFiles/cmTC_41ecc.dir/CMakeCXXCompilerABI.cpp.o
/usr/bin/c++      -o CMakeFiles/cmTC_41ecc.dir/CMakeCXXCompilerABI.cpp.o -c /usr/share/cmake-3.5/Modules/CMakeCXXCompilerABI.cpp
Linking CXX executable cmTC_41ecc
/usr/bin/cmake -E cmake_link_script CMakeFiles/cmTC_41ecc.dir/link.txt --verbose=1
/usr/bin/c++       -v CMakeFiles/cmTC_41ecc.dir/CMakeCXXCompilerABI.cpp.o  -o cmTC_41ecc -rdynamic  
Using built-in specs.
COLLECT_GCC=/usr/bin/c++
COLLECT_LTO_WRAPPER=/usr/lib/gcc/x86_64-linux-gnu/5/lto-wrapper
Target: x86_64-linux-gnu
Configured with: ../src/configure -v --with-pkgversion='Ubuntu 5.4.0-6ubuntu1~16.04.11' --with-bugurl=file:///usr/share/doc/gcc-5/README.Bugs --enable-languages=c,ada,c++,java,go,d,fortran,objc,obj-c++ --prefix=/usr --program-suffix=-5 --enable-shared --enable-linker-build-id --libexecdir=/usr/lib --without-included-gettext --enable-threads=posix --libdir=/usr/lib --enable-nls --with-sysroot=/ --enable-clocale=gnu --enable-libstdcxx-debug --enable-libstdcxx-time=yes --with-default-libstdcxx-abi=new --enable-gnu-unique-object --disable-vtable-verify --enable-libmpx --enable-plugin --with-system-zlib --disable-browser-plugin --enable-java-awt=gtk --enable-gtk-cairo --with-java-home=/usr/lib/jvm/java-1.5.0-gcj-5-amd64/jre --enable-java-home --with-jvm-root-dir=/usr/lib/jvm/java-1.5.0-gcj-5-amd64 --with-jvm-jar-dir=/usr/lib/jvm-exports/java-1.5.0-gcj-5-amd64 --with-arch-directory=amd64 --with-ecj-jar=/usr/share/java/eclipse-ecj.jar --enable-objc-gc --enable-multiarch --disable-werror --with-arch-32=i686 --with-abi=m64 --with-multilib-list=m32,m64,mx32 --enable-multilib --with-tune=generic --enable-checking=release --build=x86_64-linux-gnu --host=x86_64-linux-gnu --target=x86_64-linux-gnu
Thread model: posix
gcc version 5.4.0 20160609 (Ubuntu 5.4.0-6ubuntu1~16.04.11) 
COMPILER_PATH=/usr/lib/gcc/x86_64-linux-gnu/5/:/usr/lib/gcc/x86_64-linux-gnu/5/:/usr/lib/gcc/x86_64-linux-gnu/:/usr/lib/gcc/x86_64-linux-gnu/5/:/usr/lib/gcc/x86_64-linux-gnu/
LIBRARY_PATH=/usr/lib/gcc/x86_64-linux-gnu/5/:/usr/lib/gcc/x86_64-linux-gnu/5/../../../x86_64-linux-gnu/:/usr/lib/gcc/x86_64-linux-gnu/5/../../../../lib/:/lib/x86_64-linux-gnu/:/lib/../lib/:/usr/lib/x86_64-linux-gnu/:/usr/lib/../lib/:/usr/lib/gcc/x86_64-linux-gnu/5/../../../:/lib/:/usr/lib/
COLLECT_GCC_OPTIONS='-v' '-o' 'cmTC_41ecc' '-rdynamic' '-shared-libgcc' '-mtune=generic' '-march=x86-64'
 /usr/lib/gcc/x86_64-linux-gnu/5/collect2 -plugin /usr/lib/gcc/x86_64-linux-gnu/5/liblto_plugin.so -plugin-opt=/usr/lib/gcc/x86_64-linux-gnu/5/lto-wrapper -plugin-opt=-fresolution=/tmp/cc9hpO6s.res -plugin-opt=-pass-through=-lgcc_s -plugin-opt=-pass-through=-lgcc -plugin-opt=-pass-through=-lc -plugin-opt=-pass-through=-lgcc_s -plugin-opt=-pass-through=-lgcc --sysroot=/ --build-id --eh-frame-hdr -m elf_x86_64 --hash-style=gnu --as-needed -export-dynamic -dynamic-linker /lib64/ld-linux-x86-64.so.2 -z relro -o cmTC_41ecc /usr/lib/gcc/x86_64-linux-gnu/5/../../../x86_64-linux-gnu/crt1.o /usr/lib/gcc/x86_64-linux-gnu/5/../../../x86_64-linux-gnu/crti.o /usr/lib/gcc/x86_64-linux-gnu/5/crtbegin.o -L/usr/lib/gcc/x86_64-linux-gnu/5 -L/usr/lib/gcc/x86_64-linux-gnu/5/../../../x86_64-linux-gnu -L/usr/lib/gcc/x86_64-linux-gnu/5/../../../../lib -L/lib/x86_64-linux-gnu -L/lib/../lib -L/usr/lib/x86_64-linux-gnu -L/usr/lib/../lib -L/usr/lib/gcc/x86_64-linux-gnu/5/../../.. CMakeFiles/cmTC_41ecc.dir/CMakeCXXCompilerABI.cpp.o -lstdc++ -lm -lgcc_s -lgcc -lc -lgcc_s -lgcc /usr/lib/gcc/x86_64-linux-gnu/5/crtend.o /usr/lib/gcc/x86_64-linux-gnu/5/../../../x86_64-linux-gnu/crtn.o
make[1]: se sale del directorio '/home/disa/catkin_ws/src/dlib-19.18/build/temp.linux-x86_64-2.7/CMakeFiles/CMakeTmp'


Parsed CXX implicit link information from above output:
  link line regex: [^( *|.*[/\])(ld|([^/\]+-)?ld|collect2)[^/\]*( |$)]
  ignore line: [Change Dir: /home/disa/catkin_ws/src/dlib-19.18/build/temp.linux-x86_64-2.7/CMakeFiles/CMakeTmp]
  ignore line: []
  ignore line: [Run Build Command:"/usr/bin/make" "cmTC_41ecc/fast"]
  ignore line: [/usr/bin/make -f CMakeFiles/cmTC_41ecc.dir/build.make CMakeFiles/cmTC_41ecc.dir/build]
  ignore line: [make[1]: se entra en el directorio '/home/disa/catkin_ws/src/dlib-19.18/build/temp.linux-x86_64-2.7/CMakeFiles/CMakeTmp']
  ignore line: [Building CXX object CMakeFiles/cmTC_41ecc.dir/CMakeCXXCompilerABI.cpp.o]
  ignore line: [/usr/bin/c++      -o CMakeFiles/cmTC_41ecc.dir/CMakeCXXCompilerABI.cpp.o -c /usr/share/cmake-3.5/Modules/CMakeCXXCompilerABI.cpp]
  ignore line: [Linking CXX executable cmTC_41ecc]
  ignore line: [/usr/bin/cmake -E cmake_link_script CMakeFiles/cmTC_41ecc.dir/link.txt --verbose=1]
  ignore line: [/usr/bin/c++       -v CMakeFiles/cmTC_41ecc.dir/CMakeCXXCompilerABI.cpp.o  -o cmTC_41ecc -rdynamic  ]
  ignore line: [Using built-in specs.]
  ignore line: [COLLECT_GCC=/usr/bin/c++]
  ignore line: [COLLECT_LTO_WRAPPER=/usr/lib/gcc/x86_64-linux-gnu/5/lto-wrapper]
  ignore line: [Target: x86_64-linux-gnu]
  ignore line: [Configured with: ../src/configure -v --with-pkgversion='Ubuntu 5.4.0-6ubuntu1~16.04.11' --with-bugurl=file:///usr/share/doc/gcc-5/README.Bugs --enable-languages=c,ada,c++,java,go,d,fortran,objc,obj-c++ --prefix=/usr --program-suffix=-5 --enable-shared --enable-linker-build-id --libexecdir=/usr/lib --without-included-gettext --enable-threads=posix --libdir=/usr/lib --enable-nls --with-sysroot=/ --enable-clocale=gnu --enable-libstdcxx-debug --enable-libstdcxx-time=yes --with-default-libstdcxx-abi=new --enable-gnu-unique-object --disable-vtable-verify --enable-libmpx --enable-plugin --with-system-zlib --disable-browser-plugin --enable-java-awt=gtk --enable-gtk-cairo --with-java-home=/usr/lib/jvm/java-1.5.0-gcj-5-amd64/jre --enable-java-home --with-jvm-root-dir=/usr/lib/jvm/java-1.5.0-gcj-5-amd64 --with-jvm-jar-dir=/usr/lib/jvm-exports/java-1.5.0-gcj-5-amd64 --with-arch-directory=amd64 --with-ecj-jar=/usr/share/java/eclipse-ecj.jar --enable-objc-gc --enable-multiarch --disable-werror --with-arch-32=i686 --with-abi=m64 --with-multilib-list=m32,m64,mx32 --enable-multilib --with-tune=generic --enable-checking=release --build=x86_64-linux-gnu --host=x86_64-linux-gnu --target=x86_64-linux-gnu]
  ignore line: [Thread model: posix]
  ignore line: [gcc version 5.4.0 20160609 (Ubuntu 5.4.0-6ubuntu1~16.04.11) ]
  ignore line: [COMPILER_PATH=/usr/lib/gcc/x86_64-linux-gnu/5/:/usr/lib/gcc/x86_64-linux-gnu/5/:/usr/lib/gcc/x86_64-linux-gnu/:/usr/lib/gcc/x86_64-linux-gnu/5/:/usr/lib/gcc/x86_64-linux-gnu/]
  ignore line: [LIBRARY_PATH=/usr/lib/gcc/x86_64-linux-gnu/5/:/usr/lib/gcc/x86_64-linux-gnu/5/../../../x86_64-linux-gnu/:/usr/lib/gcc/x86_64-linux-gnu/5/../../../../lib/:/lib/x86_64-linux-gnu/:/lib/../lib/:/usr/lib/x86_64-linux-gnu/:/usr/lib/../lib/:/usr/lib/gcc/x86_64-linux-gnu/5/../../../:/lib/:/usr/lib/]
  ignore line: [COLLECT_GCC_OPTIONS='-v' '-o' 'cmTC_41ecc' '-rdynamic' '-shared-libgcc' '-mtune=generic' '-march=x86-64']
  link line: [ /usr/lib/gcc/x86_64-linux-gnu/5/collect2 -plugin /usr/lib/gcc/x86_64-linux-gnu/5/liblto_plugin.so -plugin-opt=/usr/lib/gcc/x86_64-linux-gnu/5/lto-wrapper -plugin-opt=-fresolution=/tmp/cc9hpO6s.res -plugin-opt=-pass-through=-lgcc_s -plugin-opt=-pass-through=-lgcc -plugin-opt=-pass-through=-lc -plugin-opt=-pass-through=-lgcc_s -plugin-opt=-pass-through=-lgcc --sysroot=/ --build-id --eh-frame-hdr -m elf_x86_64 --hash-style=gnu --as-needed -export-dynamic -dynamic-linker /lib64/ld-linux-x86-64.so.2 -z relro -o cmTC_41ecc /usr/lib/gcc/x86_64-linux-gnu/5/../../../x86_64-linux-gnu/crt1.o /usr/lib/gcc/x86_64-linux-gnu/5/../../../x86_64-linux-gnu/crti.o /usr/lib/gcc/x86_64-linux-gnu/5/crtbegin.o -L/usr/lib/gcc/x86_64-linux-gnu/5 -L/usr/lib/gcc/x86_64-linux-gnu/5/../../../x86_64-linux-gnu -L/usr/lib/gcc/x86_64-linux-gnu/5/../../../../lib -L/lib/x86_64-linux-gnu -L/lib/../lib -L/usr/lib/x86_64-linux-gnu -L/usr/lib/../lib -L/usr/lib/gcc/x86_64-linux-gnu/5/../../.. CMakeFiles/cmTC_41ecc.dir/CMakeCXXCompilerABI.cpp.o -lstdc++ -lm -lgcc_s -lgcc -lc -lgcc_s -lgcc /usr/lib/gcc/x86_64-linux-gnu/5/crtend.o /usr/lib/gcc/x86_64-linux-gnu/5/../../../x86_64-linux-gnu/crtn.o]
    arg [/usr/lib/gcc/x86_64-linux-gnu/5/collect2] ==> ignore
    arg [-plugin] ==> ignore
    arg [/usr/lib/gcc/x86_64-linux-gnu/5/liblto_plugin.so] ==> ignore
    arg [-plugin-opt=/usr/lib/gcc/x86_64-linux-gnu/5/lto-wrapper] ==> ignore
    arg [-plugin-opt=-fresolution=/tmp/cc9hpO6s.res] ==> ignore
    arg [-plugin-opt=-pass-through=-lgcc_s] ==> ignore
    arg [-plugin-opt=-pass-through=-lgcc] ==> ignore
    arg [-plugin-opt=-pass-through=-lc] ==> ignore
    arg [-plugin-opt=-pass-through=-lgcc_s] ==> ignore
    arg [-plugin-opt=-pass-through=-lgcc] ==> ignore
    arg [--sysroot=/] ==> ignore
    arg [--build-id] ==> ignore
    arg [--eh-frame-hdr] ==> ignore
    arg [-m] ==> ignore
    arg [elf_x86_64] ==> ignore
    arg [--hash-style=gnu] ==> ignore
    arg [--as-needed] ==> ignore
    arg [-export-dynamic] ==> ignore
    arg [-dynamic-linker] ==> ignore
    arg [/lib64/ld-linux-x86-64.so.2] ==> ignore
    arg [-zrelro] ==> ignore
    arg [-o] ==> ignore
    arg [cmTC_41ecc] ==> ignore
    arg [/usr/lib/gcc/x86_64-linux-gnu/5/../../../x86_64-linux-gnu/crt1.o] ==> ignore
    arg [/usr/lib/gcc/x86_64-linux-gnu/5/../../../x86_64-linux-gnu/crti.o] ==> ignore
    arg [/usr/lib/gcc/x86_64-linux-gnu/5/crtbegin.o] ==> ignore
    arg [-L/usr/lib/gcc/x86_64-linux-gnu/5] ==> dir [/usr/lib/gcc/x86_64-linux-gnu/5]
    arg [-L/usr/lib/gcc/x86_64-linux-gnu/5/../../../x86_64-linux-gnu] ==> dir [/usr/lib/gcc/x86_64-linux-gnu/5/../../../x86_64-linux-gnu]
    arg [-L/usr/lib/gcc/x86_64-linux-gnu/5/../../../../lib] ==> dir [/usr/lib/gcc/x86_64-linux-gnu/5/../../../../lib]
    arg [-L/lib/x86_64-linux-gnu] ==> dir [/lib/x86_64-linux-gnu]
    arg [-L/lib/../lib] ==> dir [/lib/../lib]
    arg [-L/usr/lib/x86_64-linux-gnu] ==> dir [/usr/lib/x86_64-linux-gnu]
    arg [-L/usr/lib/../lib] ==> dir [/usr/lib/../lib]
    arg [-L/usr/lib/gcc/x86_64-linux-gnu/5/../../..] ==> dir [/usr/lib/gcc/x86_64-linux-gnu/5/../../..]
    arg [CMakeFiles/cmTC_41ecc.dir/CMakeCXXCompilerABI.cpp.o] ==> ignore
    arg [-lstdc++] ==> lib [stdc++]
    arg [-lm] ==> lib [m]
    arg [-lgcc_s] ==> lib [gcc_s]
    arg [-lgcc] ==> lib [gcc]
    arg [-lc] ==> lib [c]
    arg [-lgcc_s] ==> lib [gcc_s]
    arg [-lgcc] ==> lib [gcc]
    arg [/usr/lib/gcc/x86_64-linux-gnu/5/crtend.o] ==> ignore
    arg [/usr/lib/gcc/x86_64-linux-gnu/5/../../../x86_64-linux-gnu/crtn.o] ==> ignore
  remove lib [gcc_s]
  remove lib [gcc]
  remove lib [gcc_s]
  remove lib [gcc]
  collapse library dir [/usr/lib/gcc/x86_64-linux-gnu/5] ==> [/usr/lib/gcc/x86_64-linux-gnu/5]
  collapse library dir [/usr/lib/gcc/x86_64-linux-gnu/5/../../../x86_64-linux-gnu] ==> [/usr/lib/x86_64-linux-gnu]
  collapse library dir [/usr/lib/gcc/x86_64-linux-gnu/5/../../../../lib] ==> [/usr/lib]
  collapse library dir [/lib/x86_64-linux-gnu] ==> [/lib/x86_64-linux-gnu]
  collapse library dir [/lib/../lib] ==> [/lib]
  collapse library dir [/usr/lib/x86_64-linux-gnu] ==> [/usr/lib/x86_64-linux-gnu]
  collapse library dir [/usr/lib/../lib] ==> [/usr/lib]
  collapse library dir [/usr/lib/gcc/x86_64-linux-gnu/5/../../..] ==> [/usr/lib]
  implicit libs: [stdc++;m;c]
  implicit dirs: [/usr/lib/gcc/x86_64-linux-gnu/5;/usr/lib/x86_64-linux-gnu;/usr/lib;/lib/x86_64-linux-gnu;/lib]
  implicit fwks: []




Detecting CXX [-std=c++14] compiler features compiled with the following output:
Change Dir: /home/disa/catkin_ws/src/dlib-19.18/build/temp.linux-x86_64-2.7/CMakeFiles/CMakeTmp

Run Build Command:"/usr/bin/make" "cmTC_47af4/fast"
/usr/bin/make -f CMakeFiles/cmTC_47af4.dir/build.make CMakeFiles/cmTC_47af4.dir/build
make[1]: se entra en el directorio '/home/disa/catkin_ws/src/dlib-19.18/build/temp.linux-x86_64-2.7/CMakeFiles/CMakeTmp'
Building CXX object CMakeFiles/cmTC_47af4.dir/feature_tests.cxx.o
/usr/bin/c++     -std=c++14 -o CMakeFiles/cmTC_47af4.dir/feature_tests.cxx.o -c /home/disa/catkin_ws/src/dlib-19.18/build/temp.linux-x86_64-2.7/CMakeFiles/feature_tests.cxx
Linking CXX executable cmTC_47af4
/usr/bin/cmake -E cmake_link_script CMakeFiles/cmTC_47af4.dir/link.txt --verbose=1
/usr/bin/c++        CMakeFiles/cmTC_47af4.dir/feature_tests.cxx.o  -o cmTC_47af4 -rdynamic 
make[1]: se sale del directorio '/home/disa/catkin_ws/src/dlib-19.18/build/temp.linux-x86_64-2.7/CMakeFiles/CMakeTmp'


    Feature record: CXX_FEATURE:1cxx_aggregate_default_initializers
    Feature record: CXX_FEATURE:1cxx_alias_templates
    Feature record: CXX_FEATURE:1cxx_alignas
    Feature record: CXX_FEATURE:1cxx_alignof
    Feature record: CXX_FEATURE:1cxx_attributes
    Feature record: CXX_FEATURE:1cxx_attribute_deprecated
    Feature record: CXX_FEATURE:1cxx_auto_type
    Feature record: CXX_FEATURE:1cxx_binary_literals
    Feature record: CXX_FEATURE:1cxx_constexpr
    Feature record: CXX_FEATURE:1cxx_contextual_conversions
    Feature record: CXX_FEATURE:1cxx_decltype
    Feature record: CXX_FEATURE:1cxx_decltype_auto
    Feature record: CXX_FEATURE:1cxx_decltype_incomplete_return_types
    Feature record: CXX_FEATURE:1cxx_default_function_template_args
    Feature record: CXX_FEATURE:1cxx_defaulted_functions
    Feature record: CXX_FEATURE:1cxx_defaulted_move_initializers
    Feature record: CXX_FEATURE:1cxx_delegating_constructors
    Feature record: CXX_FEATURE:1cxx_deleted_functions
    Feature record: CXX_FEATURE:1cxx_digit_separators
    Feature record: CXX_FEATURE:1cxx_enum_forward_declarations
    Feature record: CXX_FEATURE:1cxx_explicit_conversions
    Feature record: CXX_FEATURE:1cxx_extended_friend_declarations
    Feature record: CXX_FEATURE:1cxx_extern_templates
    Feature record: CXX_FEATURE:1cxx_final
    Feature record: CXX_FEATURE:1cxx_func_identifier
    Feature record: CXX_FEATURE:1cxx_generalized_initializers
    Feature record: CXX_FEATURE:1cxx_generic_lambdas
    Feature record: CXX_FEATURE:1cxx_inheriting_constructors
    Feature record: CXX_FEATURE:1cxx_inline_namespaces
    Feature record: CXX_FEATURE:1cxx_lambdas
    Feature record: CXX_FEATURE:1cxx_lambda_init_captures
    Feature record: CXX_FEATURE:1cxx_local_type_template_args
    Feature record: CXX_FEATURE:1cxx_long_long_type
    Feature record: CXX_FEATURE:1cxx_noexcept
    Feature record: CXX_FEATURE:1cxx_nonstatic_member_init
    Feature record: CXX_FEATURE:1cxx_nullptr
    Feature record: CXX_FEATURE:1cxx_override
    Feature record: CXX_FEATURE:1cxx_range_for
    Feature record: CXX_FEATURE:1cxx_raw_string_literals
    Feature record: CXX_FEATURE:1cxx_reference_qualified_functions
    Feature record: CXX_FEATURE:1cxx_relaxed_constexpr
    Feature record: CXX_FEATURE:1cxx_return_type_deduction
    Feature record: CXX_FEATURE:1cxx_right_angle_brackets
    Feature record: CXX_FEATURE:1cxx_rvalue_references
    Feature record: CXX_FEATURE:1cxx_sizeof_member
    Feature record: CXX_FEATURE:1cxx_static_assert
    Feature record: CXX_FEATURE:1cxx_strong_enums
    Feature record: CXX_FEATURE:1cxx_template_template_parameters
    Feature record: CXX_FEATURE:1cxx_thread_local
    Feature record: CXX_FEATURE:1cxx_trailing_return_types
    Feature record: CXX_FEATURE:1cxx_unicode_literals
    Feature record: CXX_FEATURE:1cxx_uniform_initialization
    Feature record: CXX_FEATURE:1cxx_unrestricted_unions
    Feature record: CXX_FEATURE:1cxx_user_literals
    Feature record: CXX_FEATURE:1cxx_variable_templates
    Feature record: CXX_FEATURE:1cxx_variadic_macros
    Feature record: CXX_FEATURE:1cxx_variadic_templates


Detecting CXX [-std=c++11] compiler features compiled with the following output:
Change Dir: /home/disa/catkin_ws/src/dlib-19.18/build/temp.linux-x86_64-2.7/CMakeFiles/CMakeTmp

Run Build Command:"/usr/bin/make" "cmTC_220c7/fast"
/usr/bin/make -f CMakeFiles/cmTC_220c7.dir/build.make CMakeFiles/cmTC_220c7.dir/build
make[1]: se entra en el directorio '/home/disa/catkin_ws/src/dlib-19.18/build/temp.linux-x86_64-2.7/CMakeFiles/CMakeTmp'
Building CXX object CMakeFiles/cmTC_220c7.dir/feature_tests.cxx.o
/usr/bin/c++     -std=c++11 -o CMakeFiles/cmTC_220c7.dir/feature_tests.cxx.o -c /home/disa/catkin_ws/src/dlib-19.18/build/temp.linux-x86_64-2.7/CMakeFiles/feature_tests.cxx
Linking CXX executable cmTC_220c7
/usr/bin/cmake -E cmake_link_script CMakeFiles/cmTC_220c7.dir/link.txt --verbose=1
/usr/bin/c++        CMakeFiles/cmTC_220c7.dir/feature_tests.cxx.o  -o cmTC_220c7 -rdynamic 
make[1]: se sale del directorio '/home/disa/catkin_ws/src/dlib-19.18/build/temp.linux-x86_64-2.7/CMakeFiles/CMakeTmp'


    Feature record: CXX_FEATURE:0cxx_aggregate_default_initializers
    Feature record: CXX_FEATURE:1cxx_alias_templates
    Feature record: CXX_FEATURE:1cxx_alignas
    Feature record: CXX_FEATURE:1cxx_alignof
    Feature record: CXX_FEATURE:1cxx_attributes
    Feature record: CXX_FEATURE:0cxx_attribute_deprecated
    Feature record: CXX_FEATURE:1cxx_auto_type
    Feature record: CXX_FEATURE:0cxx_binary_literals
    Feature record: CXX_FEATURE:1cxx_constexpr
    Feature record: CXX_FEATURE:0cxx_contextual_conversions
    Feature record: CXX_FEATURE:1cxx_decltype
    Feature record: CXX_FEATURE:0cxx_decltype_auto
    Feature record: CXX_FEATURE:1cxx_decltype_incomplete_return_types
    Feature record: CXX_FEATURE:1cxx_default_function_template_args
    Feature record: CXX_FEATURE:1cxx_defaulted_functions
    Feature record: CXX_FEATURE:1cxx_defaulted_move_initializers
    Feature record: CXX_FEATURE:1cxx_delegating_constructors
    Feature record: CXX_FEATURE:1cxx_deleted_functions
    Feature record: CXX_FEATURE:0cxx_digit_separators
    Feature record: CXX_FEATURE:1cxx_enum_forward_declarations
    Feature record: CXX_FEATURE:1cxx_explicit_conversions
    Feature record: CXX_FEATURE:1cxx_extended_friend_declarations
    Feature record: CXX_FEATURE:1cxx_extern_templates
    Feature record: CXX_FEATURE:1cxx_final
    Feature record: CXX_FEATURE:1cxx_func_identifier
    Feature record: CXX_FEATURE:1cxx_generalized_initializers
    Feature record: CXX_FEATURE:0cxx_generic_lambdas
    Feature record: CXX_FEATURE:1cxx_inheriting_constructors
    Feature record: CXX_FEATURE:1cxx_inline_namespaces
    Feature record: CXX_FEATURE:1cxx_lambdas
    Feature record: CXX_FEATURE:0cxx_lambda_init_captures
    Feature record: CXX_FEATURE:1cxx_local_type_template_args
    Feature record: CXX_FEATURE:1cxx_long_long_type
    Feature record: CXX_FEATURE:1cxx_noexcept
    Feature record: CXX_FEATURE:1cxx_nonstatic_member_init
    Feature record: CXX_FEATURE:1cxx_nullptr
    Feature record: CXX_FEATURE:1cxx_override
    Feature record: CXX_FEATURE:1cxx_range_for
    Feature record: CXX_FEATURE:1cxx_raw_string_literals
    Feature record: CXX_FEATURE:1cxx_reference_qualified_functions
    Feature record: CXX_FEATURE:0cxx_relaxed_constexpr
    Feature record: CXX_FEATURE:0cxx_return_type_deduction
    Feature record: CXX_FEATURE:1cxx_right_angle_brackets
    Feature record: CXX_FEATURE:1cxx_rvalue_references
    Feature record: CXX_FEATURE:1cxx_sizeof_member
    Feature record: CXX_FEATURE:1cxx_static_assert
    Feature record: CXX_FEATURE:1cxx_strong_enums
    Feature record: CXX_FEATURE:1cxx_template_template_parameters
    Feature record: CXX_FEATURE:1cxx_thread_local
    Feature record: CXX_FEATURE:1cxx_trailing_return_types
    Feature record: CXX_FEATURE:1cxx_unicode_literals
    Feature record: CXX_FEATURE:1cxx_uniform_initialization
    Feature record: CXX_FEATURE:1cxx_unrestricted_unions
    Feature record: CXX_FEATURE:1cxx_user_literals
    Feature record: CXX_FEATURE:0cxx_variable_templates
    Feature record: CXX_FEATURE:1cxx_variadic_macros
    Feature record: CXX_FEATURE:1cxx_variadic_templates


Detecting CXX [-std=c++98] compiler features compiled with the following output:
Change Dir: /home/disa/catkin_ws/src/dlib-19.18/build/temp.linux-x86_64-2.7/CMakeFiles/CMakeTmp

Run Build Command:"/usr/bin/make" "cmTC_e5248/fast"
/usr/bin/make -f CMakeFiles/cmTC_e5248.dir/build.make CMakeFiles/cmTC_e5248.dir/build
make[1]: se entra en el directorio '/home/disa/catkin_ws/src/dlib-19.18/build/temp.linux-x86_64-2.7/CMakeFiles/CMakeTmp'
Building CXX object CMakeFiles/cmTC_e5248.dir/feature_tests.cxx.o
/usr/bin/c++     -std=c++98 -o CMakeFiles/cmTC_e5248.dir/feature_tests.cxx.o -c /home/disa/catkin_ws/src/dlib-19.18/build/temp.linux-x86_64-2.7/CMakeFiles/feature_tests.cxx
Linking CXX executable cmTC_e5248
/usr/bin/cmake -E cmake_link_script CMakeFiles/cmTC_e5248.dir/link.txt --verbose=1
/usr/bin/c++        CMakeFiles/cmTC_e5248.dir/feature_tests.cxx.o  -o cmTC_e5248 -rdynamic 
make[1]: se sale del directorio '/home/disa/catkin_ws/src/dlib-19.18/build/temp.linux-x86_64-2.7/CMakeFiles/CMakeTmp'


    Feature record: CXX_FEATURE:0cxx_aggregate_default_initializers
    Feature record: CXX_FEATURE:0cxx_alias_templates
    Feature record: CXX_FEATURE:0cxx_alignas
    Feature record: CXX_FEATURE:0cxx_alignof
    Feature record: CXX_FEATURE:0cxx_attributes
    Feature record: CXX_FEATURE:0cxx_attribute_deprecated
    Feature record: CXX_FEATURE:0cxx_auto_type
    Feature record: CXX_FEATURE:0cxx_binary_literals
    Feature record: CXX_FEATURE:0cxx_constexpr
    Feature record: CXX_FEATURE:0cxx_contextual_conversions
    Feature record: CXX_FEATURE:0cxx_decltype
    Feature record: CXX_FEATURE:0cxx_decltype_auto
    Feature record: CXX_FEATURE:0cxx_decltype_incomplete_return_types
    Feature record: CXX_FEATURE:0cxx_default_function_template_args
    Feature record: CXX_FEATURE:0cxx_defaulted_functions
    Feature record: CXX_FEATURE:0cxx_defaulted_move_initializers
    Feature record: CXX_FEATURE:0cxx_delegating_constructors
    Feature record: CXX_FEATURE:0cxx_deleted_functions
    Feature record: CXX_FEATURE:0cxx_digit_separators
    Feature record: CXX_FEATURE:0cxx_enum_forward_declarations
    Feature record: CXX_FEATURE:0cxx_explicit_conversions
    Feature record: CXX_FEATURE:0cxx_extended_friend_declarations
    Feature record: CXX_FEATURE:0cxx_extern_templates
    Feature record: CXX_FEATURE:0cxx_final
    Feature record: CXX_FEATURE:0cxx_func_identifier
    Feature record: CXX_FEATURE:0cxx_generalized_initializers
    Feature record: CXX_FEATURE:0cxx_generic_lambdas
    Feature record: CXX_FEATURE:0cxx_inheriting_constructors
    Feature record: CXX_FEATURE:0cxx_inline_namespaces
    Feature record: CXX_FEATURE:0cxx_lambdas
    Feature record: CXX_FEATURE:0cxx_lambda_init_captures
    Feature record: CXX_FEATURE:0cxx_local_type_template_args
    Feature record: CXX_FEATURE:0cxx_long_long_type
    Feature record: CXX_FEATURE:0cxx_noexcept
    Feature record: CXX_FEATURE:0cxx_nonstatic_member_init
    Feature record: CXX_FEATURE:0cxx_nullptr
    Feature record: CXX_FEATURE:0cxx_override
    Feature record: CXX_FEATURE:0cxx_range_for
    Feature record: CXX_FEATURE:0cxx_raw_string_literals
    Feature record: CXX_FEATURE:0cxx_reference_qualified_functions
    Feature record: CXX_FEATURE:0cxx_relaxed_constexpr
    Feature record: CXX_FEATURE:0cxx_return_type_deduction
    Feature record: CXX_FEATURE:0cxx_right_angle_brackets
    Feature record: CXX_FEATURE:0cxx_rvalue_references
    Feature record: CXX_FEATURE:0cxx_sizeof_member
    Feature record: CXX_FEATURE:0cxx_static_assert
    Feature record: CXX_FEATURE:0cxx_strong_enums
    Feature record: CXX_FEATURE:1cxx_template_template_parameters
    Feature record: CXX_FEATURE:0cxx_thread_local
    Feature record: CXX_FEATURE:0cxx_trailing_return_types
    Feature record: CXX_FEATURE:0cxx_unicode_literals
    Feature record: CXX_FEATURE:0cxx_uniform_initialization
    Feature record: CXX_FEATURE:0cxx_unrestricted_unions
    Feature record: CXX_FEATURE:0cxx_user_literals
    Feature record: CXX_FEATURE:0cxx_variable_templates
    Feature record: CXX_FEATURE:0cxx_variadic_macros
    Feature record: CXX_FEATURE:0cxx_variadic_templates
Performing C++ SOURCE FILE Test HAS_CPP14_FLAG succeeded with the following output:
Change Dir: /home/disa/catkin_ws/src/dlib-19.18/build/temp.linux-x86_64-2.7/CMakeFiles/CMakeTmp

Run Build Command:"/usr/bin/make" "cmTC_28e15/fast"
/usr/bin/make -f CMakeFiles/cmTC_28e15.dir/build.make CMakeFiles/cmTC_28e15.dir/build
make[1]: Entering directory '/home/disa/catkin_ws/src/dlib-19.18/build/temp.linux-x86_64-2.7/CMakeFiles/CMakeTmp'
Building CXX object CMakeFiles/cmTC_28e15.dir/src.cxx.o
/usr/bin/c++     -DHAS_CPP14_FLAG   -std=c++14 -o CMakeFiles/cmTC_28e15.dir/src.cxx.o -c /home/disa/catkin_ws/src/dlib-19.18/build/temp.linux-x86_64-2.7/CMakeFiles/CMakeTmp/src.cxx
Linking CXX executable cmTC_28e15
/usr/bin/cmake -E cmake_link_script CMakeFiles/cmTC_28e15.dir/link.txt --verbose=1
/usr/bin/c++    -DHAS_CPP14_FLAG    CMakeFiles/cmTC_28e15.dir/src.cxx.o  -o cmTC_28e15 -rdynamic 
make[1]: Leaving directory '/home/disa/catkin_ws/src/dlib-19.18/build/temp.linux-x86_64-2.7/CMakeFiles/CMakeTmp'

Source file was:
int main() { return 0; }
Determining if the include file pthread.h exists passed with the following output:
Change Dir: /home/disa/catkin_ws/src/dlib-19.18/build/temp.linux-x86_64-2.7/CMakeFiles/CMakeTmp

Run Build Command:"/usr/bin/make" "cmTC_d0e72/fast"
/usr/bin/make -f CMakeFiles/cmTC_d0e72.dir/build.make CMakeFiles/cmTC_d0e72.dir/build
make[1]: se entra en el directorio '/home/disa/catkin_ws/src/dlib-19.18/build/temp.linux-x86_64-2.7/CMakeFiles/CMakeTmp'
Building C object CMakeFiles/cmTC_d0e72.dir/CheckIncludeFile.c.o
/usr/bin/cc    -fPIE   -o CMakeFiles/cmTC_d0e72.dir/CheckIncludeFile.c.o   -c /home/disa/catkin_ws/src/dlib-19.18/build/temp.linux-x86_64-2.7/CMakeFiles/CMakeTmp/CheckIncludeFile.c
Linking C executable cmTC_d0e72
/usr/bin/cmake -E cmake_link_script CMakeFiles/cmTC_d0e72.dir/link.txt --verbose=1
/usr/bin/cc       CMakeFiles/cmTC_d0e72.dir/CheckIncludeFile.c.o  -o cmTC_d0e72 -rdynamic 
make[1]: se sale del directorio '/home/disa/catkin_ws/src/dlib-19.18/build/temp.linux-x86_64-2.7/CMakeFiles/CMakeTmp'


Determining if the function pthread_create exists in the pthread passed with the following output:
Change Dir: /home/disa/catkin_ws/src/dlib-19.18/build/temp.linux-x86_64-2.7/CMakeFiles/CMakeTmp

Run Build Command:"/usr/bin/make" "cmTC_b872f/fast"
/usr/bin/make -f CMakeFiles/cmTC_b872f.dir/build.make CMakeFiles/cmTC_b872f.dir/build
make[1]: se entra en el directorio '/home/disa/catkin_ws/src/dlib-19.18/build/temp.linux-x86_64-2.7/CMakeFiles/CMakeTmp'
Building C object CMakeFiles/cmTC_b872f.dir/CheckFunctionExists.c.o
/usr/bin/cc    -DCHECK_FUNCTION_EXISTS=pthread_create -fPIE   -o CMakeFiles/cmTC_b872f.dir/CheckFunctionExists.c.o   -c /usr/share/cmake-3.5/Modules/CheckFunctionExists.c
Linking C executable cmTC_b872f
/usr/bin/cmake -E cmake_link_script CMakeFiles/cmTC_b872f.dir/link.txt --verbose=1
/usr/bin/cc   -DCHECK_FUNCTION_EXISTS=pthread_create    CMakeFiles/cmTC_b872f.dir/CheckFunctionExists.c.o  -o cmTC_b872f -rdynamic -lpthread 
make[1]: se sale del directorio '/home/disa/catkin_ws/src/dlib-19.18/build/temp.linux-x86_64-2.7/CMakeFiles/CMakeTmp'


Determining if the function XOpenDisplay exists in the /usr/lib/x86_64-linux-gnu/libX11.so;/usr/lib/x86_64-linux-gnu/libXext.so passed with the following output:
Change Dir: /home/disa/catkin_ws/src/dlib-19.18/build/temp.linux-x86_64-2.7/CMakeFiles/CMakeTmp

Run Build Command:"/usr/bin/make" "cmTC_3647a/fast"
/usr/bin/make -f CMakeFiles/cmTC_3647a.dir/build.make CMakeFiles/cmTC_3647a.dir/build
make[1]: se entra en el directorio '/home/disa/catkin_ws/src/dlib-19.18/build/temp.linux-x86_64-2.7/CMakeFiles/CMakeTmp'
Building C object CMakeFiles/cmTC_3647a.dir/CheckFunctionExists.c.o
/usr/bin/cc    -DCHECK_FUNCTION_EXISTS=XOpenDisplay -fPIE   -o CMakeFiles/cmTC_3647a.dir/CheckFunctionExists.c.o   -c /usr/share/cmake-3.5/Modules/CheckFunctionExists.c
Linking C executable cmTC_3647a
/usr/bin/cmake -E cmake_link_script CMakeFiles/cmTC_3647a.dir/link.txt --verbose=1
/usr/bin/cc   -DCHECK_FUNCTION_EXISTS=XOpenDisplay    CMakeFiles/cmTC_3647a.dir/CheckFunctionExists.c.o  -o cmTC_3647a -rdynamic /usr/lib/x86_64-linux-gnu/libX11.so /usr/lib/x86_64-linux-gnu/libXext.so 
make[1]: se sale del directorio '/home/disa/catkin_ws/src/dlib-19.18/build/temp.linux-x86_64-2.7/CMakeFiles/CMakeTmp'


Determining if the function gethostbyname exists passed with the following output:
Change Dir: /home/disa/catkin_ws/src/dlib-19.18/build/temp.linux-x86_64-2.7/CMakeFiles/CMakeTmp

Run Build Command:"/usr/bin/make" "cmTC_1ff1c/fast"
/usr/bin/make -f CMakeFiles/cmTC_1ff1c.dir/build.make CMakeFiles/cmTC_1ff1c.dir/build
make[1]: se entra en el directorio '/home/disa/catkin_ws/src/dlib-19.18/build/temp.linux-x86_64-2.7/CMakeFiles/CMakeTmp'
Building C object CMakeFiles/cmTC_1ff1c.dir/CheckFunctionExists.c.o
/usr/bin/cc    -DCHECK_FUNCTION_EXISTS=gethostbyname -fPIE   -o CMakeFiles/cmTC_1ff1c.dir/CheckFunctionExists.c.o   -c /usr/share/cmake-3.5/Modules/CheckFunctionExists.c
Linking C executable cmTC_1ff1c
/usr/bin/cmake -E cmake_link_script CMakeFiles/cmTC_1ff1c.dir/link.txt --verbose=1
/usr/bin/cc   -DCHECK_FUNCTION_EXISTS=gethostbyname    CMakeFiles/cmTC_1ff1c.dir/CheckFunctionExists.c.o  -o cmTC_1ff1c -rdynamic 
make[1]: se sale del directorio '/home/disa/catkin_ws/src/dlib-19.18/build/temp.linux-x86_64-2.7/CMakeFiles/CMakeTmp'


Determining if the function connect exists passed with the following output:
Change Dir: /home/disa/catkin_ws/src/dlib-19.18/build/temp.linux-x86_64-2.7/CMakeFiles/CMakeTmp

Run Build Command:"/usr/bin/make" "cmTC_38655/fast"
/usr/bin/make -f CMakeFiles/cmTC_38655.dir/build.make CMakeFiles/cmTC_38655.dir/build
make[1]: se entra en el directorio '/home/disa/catkin_ws/src/dlib-19.18/build/temp.linux-x86_64-2.7/CMakeFiles/CMakeTmp'
Building C object CMakeFiles/cmTC_38655.dir/CheckFunctionExists.c.o
/usr/bin/cc    -DCHECK_FUNCTION_EXISTS=connect -fPIE   -o CMakeFiles/cmTC_38655.dir/CheckFunctionExists.c.o   -c /usr/share/cmake-3.5/Modules/CheckFunctionExists.c
Linking C executable cmTC_38655
/usr/bin/cmake -E cmake_link_script CMakeFiles/cmTC_38655.dir/link.txt --verbose=1
/usr/bin/cc   -DCHECK_FUNCTION_EXISTS=connect    CMakeFiles/cmTC_38655.dir/CheckFunctionExists.c.o  -o cmTC_38655 -rdynamic 
make[1]: se sale del directorio '/home/disa/catkin_ws/src/dlib-19.18/build/temp.linux-x86_64-2.7/CMakeFiles/CMakeTmp'


Determining if the function remove exists passed with the following output:
Change Dir: /home/disa/catkin_ws/src/dlib-19.18/build/temp.linux-x86_64-2.7/CMakeFiles/CMakeTmp

Run Build Command:"/usr/bin/make" "cmTC_743a6/fast"
/usr/bin/make -f CMakeFiles/cmTC_743a6.dir/build.make CMakeFiles/cmTC_743a6.dir/build
make[1]: se entra en el directorio '/home/disa/catkin_ws/src/dlib-19.18/build/temp.linux-x86_64-2.7/CMakeFiles/CMakeTmp'
Building C object CMakeFiles/cmTC_743a6.dir/CheckFunctionExists.c.o
/usr/bin/cc    -DCHECK_FUNCTION_EXISTS=remove -fPIE   -o CMakeFiles/cmTC_743a6.dir/CheckFunctionExists.c.o   -c /usr/share/cmake-3.5/Modules/CheckFunctionExists.c
Linking C executable cmTC_743a6
/usr/bin/cmake -E cmake_link_script CMakeFiles/cmTC_743a6.dir/link.txt --verbose=1
/usr/bin/cc   -DCHECK_FUNCTION_EXISTS=remove    CMakeFiles/cmTC_743a6.dir/CheckFunctionExists.c.o  -o cmTC_743a6 -rdynamic 
make[1]: se sale del directorio '/home/disa/catkin_ws/src/dlib-19.18/build/temp.linux-x86_64-2.7/CMakeFiles/CMakeTmp'


Determining if the function shmat exists passed with the following output:
Change Dir: /home/disa/catkin_ws/src/dlib-19.18/build/temp.linux-x86_64-2.7/CMakeFiles/CMakeTmp

Run Build Command:"/usr/bin/make" "cmTC_3d1ec/fast"
/usr/bin/make -f CMakeFiles/cmTC_3d1ec.dir/build.make CMakeFiles/cmTC_3d1ec.dir/build
make[1]: se entra en el directorio '/home/disa/catkin_ws/src/dlib-19.18/build/temp.linux-x86_64-2.7/CMakeFiles/CMakeTmp'
Building C object CMakeFiles/cmTC_3d1ec.dir/CheckFunctionExists.c.o
/usr/bin/cc    -DCHECK_FUNCTION_EXISTS=shmat -fPIE   -o CMakeFiles/cmTC_3d1ec.dir/CheckFunctionExists.c.o   -c /usr/share/cmake-3.5/Modules/CheckFunctionExists.c
Linking C executable cmTC_3d1ec
/usr/bin/cmake -E cmake_link_script CMakeFiles/cmTC_3d1ec.dir/link.txt --verbose=1
/usr/bin/cc   -DCHECK_FUNCTION_EXISTS=shmat    CMakeFiles/cmTC_3d1ec.dir/CheckFunctionExists.c.o  -o cmTC_3d1ec -rdynamic 
make[1]: se sale del directorio '/home/disa/catkin_ws/src/dlib-19.18/build/temp.linux-x86_64-2.7/CMakeFiles/CMakeTmp'


Determining if the function IceConnectionNumber exists in the ICE passed with the following output:
Change Dir: /home/disa/catkin_ws/src/dlib-19.18/build/temp.linux-x86_64-2.7/CMakeFiles/CMakeTmp

Run Build Command:"/usr/bin/make" "cmTC_48f2e/fast"
/usr/bin/make -f CMakeFiles/cmTC_48f2e.dir/build.make CMakeFiles/cmTC_48f2e.dir/build
make[1]: se entra en el directorio '/home/disa/catkin_ws/src/dlib-19.18/build/temp.linux-x86_64-2.7/CMakeFiles/CMakeTmp'
Building C object CMakeFiles/cmTC_48f2e.dir/CheckFunctionExists.c.o
/usr/bin/cc    -DCHECK_FUNCTION_EXISTS=IceConnectionNumber -fPIE   -o CMakeFiles/cmTC_48f2e.dir/CheckFunctionExists.c.o   -c /usr/share/cmake-3.5/Modules/CheckFunctionExists.c
Linking C executable cmTC_48f2e
/usr/bin/cmake -E cmake_link_script CMakeFiles/cmTC_48f2e.dir/link.txt --verbose=1
/usr/bin/cc   -DCHECK_FUNCTION_EXISTS=IceConnectionNumber    CMakeFiles/cmTC_48f2e.dir/CheckFunctionExists.c.o  -o cmTC_48f2e -rdynamic -lICE 
make[1]: se sale del directorio '/home/disa/catkin_ws/src/dlib-19.18/build/temp.linux-x86_64-2.7/CMakeFiles/CMakeTmp'


Performing C SOURCE FILE Test GIF_GifFileType_UserData succeeded with the following output:
Change Dir: /home/disa/catkin_ws/src/dlib-19.18/build/temp.linux-x86_64-2.7/CMakeFiles/CMakeTmp

Run Build Command:"/usr/bin/make" "cmTC_50f1e/fast"
/usr/bin/make -f CMakeFiles/cmTC_50f1e.dir/build.make CMakeFiles/cmTC_50f1e.dir/build
make[1]: se entra en el directorio '/home/disa/catkin_ws/src/dlib-19.18/build/temp.linux-x86_64-2.7/CMakeFiles/CMakeTmp'
Building C object CMakeFiles/cmTC_50f1e.dir/src.c.o
/usr/bin/cc    -DGIF_GifFileType_UserData -fPIE   -o CMakeFiles/cmTC_50f1e.dir/src.c.o   -c /home/disa/catkin_ws/src/dlib-19.18/build/temp.linux-x86_64-2.7/CMakeFiles/CMakeTmp/src.c
Linking C executable cmTC_50f1e
/usr/bin/cmake -E cmake_link_script CMakeFiles/cmTC_50f1e.dir/link.txt --verbose=1
/usr/bin/cc   -DGIF_GifFileType_UserData    CMakeFiles/cmTC_50f1e.dir/src.c.o  -o cmTC_50f1e -rdynamic 
make[1]: se sale del directorio '/home/disa/catkin_ws/src/dlib-19.18/build/temp.linux-x86_64-2.7/CMakeFiles/CMakeTmp'

Source file was:

#include <gif_lib.h>

int main()
{
   (void)sizeof(((GifFileType *)0)->UserData);
   return 0;
}

Determining if the include file sys/types.h exists passed with the following output:
Change Dir: /home/disa/catkin_ws/src/dlib-19.18/build/temp.linux-x86_64-2.7/CMakeFiles/CMakeTmp

Run Build Command:"/usr/bin/make" "cmTC_16615/fast"
/usr/bin/make -f CMakeFiles/cmTC_16615.dir/build.make CMakeFiles/cmTC_16615.dir/build
make[1]: se entra en el directorio '/home/disa/catkin_ws/src/dlib-19.18/build/temp.linux-x86_64-2.7/CMakeFiles/CMakeTmp'
Building C object CMakeFiles/cmTC_16615.dir/CheckIncludeFile.c.o
/usr/bin/cc    -fPIE   -o CMakeFiles/cmTC_16615.dir/CheckIncludeFile.c.o   -c /home/disa/catkin_ws/src/dlib-19.18/build/temp.linux-x86_64-2.7/CMakeFiles/CMakeTmp/CheckIncludeFile.c
Linking C executable cmTC_16615
/usr/bin/cmake -E cmake_link_script CMakeFiles/cmTC_16615.dir/link.txt --verbose=1
/usr/bin/cc       CMakeFiles/cmTC_16615.dir/CheckIncludeFile.c.o  -o cmTC_16615 -rdynamic 
make[1]: se sale del directorio '/home/disa/catkin_ws/src/dlib-19.18/build/temp.linux-x86_64-2.7/CMakeFiles/CMakeTmp'


Determining if the include file stdint.h exists passed with the following output:
Change Dir: /home/disa/catkin_ws/src/dlib-19.18/build/temp.linux-x86_64-2.7/CMakeFiles/CMakeTmp

Run Build Command:"/usr/bin/make" "cmTC_33483/fast"
/usr/bin/make -f CMakeFiles/cmTC_33483.dir/build.make CMakeFiles/cmTC_33483.dir/build
make[1]: se entra en el directorio '/home/disa/catkin_ws/src/dlib-19.18/build/temp.linux-x86_64-2.7/CMakeFiles/CMakeTmp'
Building C object CMakeFiles/cmTC_33483.dir/CheckIncludeFile.c.o
/usr/bin/cc    -fPIE   -o CMakeFiles/cmTC_33483.dir/CheckIncludeFile.c.o   -c /home/disa/catkin_ws/src/dlib-19.18/build/temp.linux-x86_64-2.7/CMakeFiles/CMakeTmp/CheckIncludeFile.c
Linking C executable cmTC_33483
/usr/bin/cmake -E cmake_link_script CMakeFiles/cmTC_33483.dir/link.txt --verbose=1
/usr/bin/cc       CMakeFiles/cmTC_33483.dir/CheckIncludeFile.c.o  -o cmTC_33483 -rdynamic 
make[1]: se sale del directorio '/home/disa/catkin_ws/src/dlib-19.18/build/temp.linux-x86_64-2.7/CMakeFiles/CMakeTmp'


Determining if the include file stddef.h exists passed with the following output:
Change Dir: /home/disa/catkin_ws/src/dlib-19.18/build/temp.linux-x86_64-2.7/CMakeFiles/CMakeTmp

Run Build Command:"/usr/bin/make" "cmTC_1714e/fast"
/usr/bin/make -f CMakeFiles/cmTC_1714e.dir/build.make CMakeFiles/cmTC_1714e.dir/build
make[1]: se entra en el directorio '/home/disa/catkin_ws/src/dlib-19.18/build/temp.linux-x86_64-2.7/CMakeFiles/CMakeTmp'
Building C object CMakeFiles/cmTC_1714e.dir/CheckIncludeFile.c.o
/usr/bin/cc    -fPIE   -o CMakeFiles/cmTC_1714e.dir/CheckIncludeFile.c.o   -c /home/disa/catkin_ws/src/dlib-19.18/build/temp.linux-x86_64-2.7/CMakeFiles/CMakeTmp/CheckIncludeFile.c
Linking C executable cmTC_1714e
/usr/bin/cmake -E cmake_link_script CMakeFiles/cmTC_1714e.dir/link.txt --verbose=1
/usr/bin/cc       CMakeFiles/cmTC_1714e.dir/CheckIncludeFile.c.o  -o cmTC_1714e -rdynamic 
make[1]: se sale del directorio '/home/disa/catkin_ws/src/dlib-19.18/build/temp.linux-x86_64-2.7/CMakeFiles/CMakeTmp'


Determining size of void* passed with the following output:
Change Dir: /home/disa/catkin_ws/src/dlib-19.18/build/temp.linux-x86_64-2.7/CMakeFiles/CMakeTmp

Run Build Command:"/usr/bin/make" "cmTC_fa01f/fast"
/usr/bin/make -f CMakeFiles/cmTC_fa01f.dir/build.make CMakeFiles/cmTC_fa01f.dir/build
make[1]: se entra en el directorio '/home/disa/catkin_ws/src/dlib-19.18/build/temp.linux-x86_64-2.7/CMakeFiles/CMakeTmp'
Building C object CMakeFiles/cmTC_fa01f.dir/SIZE_OF_VOID_PTR.c.o
/usr/bin/cc    -fPIE   -o CMakeFiles/cmTC_fa01f.dir/SIZE_OF_VOID_PTR.c.o   -c /home/disa/catkin_ws/src/dlib-19.18/build/temp.linux-x86_64-2.7/CMakeFiles/CheckTypeSize/SIZE_OF_VOID_PTR.c
Linking C executable cmTC_fa01f
/usr/bin/cmake -E cmake_link_script CMakeFiles/cmTC_fa01f.dir/link.txt --verbose=1
/usr/bin/cc       CMakeFiles/cmTC_fa01f.dir/SIZE_OF_VOID_PTR.c.o  -o cmTC_fa01f -rdynamic 
make[1]: se sale del directorio '/home/disa/catkin_ws/src/dlib-19.18/build/temp.linux-x86_64-2.7/CMakeFiles/CMakeTmp'


Determining if the function cblas_ddot exists passed with the following output:
Change Dir: /home/disa/catkin_ws/src/dlib-19.18/build/temp.linux-x86_64-2.7/CMakeFiles/CMakeTmp

Run Build Command:"/usr/bin/make" "cmTC_ae2b3/fast"
/usr/bin/make -f CMakeFiles/cmTC_ae2b3.dir/build.make CMakeFiles/cmTC_ae2b3.dir/build
make[1]: se entra en el directorio '/home/disa/catkin_ws/src/dlib-19.18/build/temp.linux-x86_64-2.7/CMakeFiles/CMakeTmp'
Building C object CMakeFiles/cmTC_ae2b3.dir/CheckFunctionExists.c.o
/usr/bin/cc    -DCHECK_FUNCTION_EXISTS=cblas_ddot -fPIE   -o CMakeFiles/cmTC_ae2b3.dir/CheckFunctionExists.c.o   -c /usr/share/cmake-3.5/Modules/CheckFunctionExists.c
Linking C executable cmTC_ae2b3
/usr/bin/cmake -E cmake_link_script CMakeFiles/cmTC_ae2b3.dir/link.txt --verbose=1
/usr/bin/cc   -DCHECK_FUNCTION_EXISTS=cblas_ddot    CMakeFiles/cmTC_ae2b3.dir/CheckFunctionExists.c.o  -o cmTC_ae2b3 -rdynamic /usr/lib/libblas.so 
make[1]: se sale del directorio '/home/disa/catkin_ws/src/dlib-19.18/build/temp.linux-x86_64-2.7/CMakeFiles/CMakeTmp'


Determining if the function sgesv_ exists passed with the following output:
Change Dir: /home/disa/catkin_ws/src/dlib-19.18/build/temp.linux-x86_64-2.7/CMakeFiles/CMakeTmp

Run Build Command:"/usr/bin/make" "cmTC_7dbce/fast"
/usr/bin/make -f CMakeFiles/cmTC_7dbce.dir/build.make CMakeFiles/cmTC_7dbce.dir/build
make[1]: se entra en el directorio '/home/disa/catkin_ws/src/dlib-19.18/build/temp.linux-x86_64-2.7/CMakeFiles/CMakeTmp'
Building C object CMakeFiles/cmTC_7dbce.dir/CheckFunctionExists.c.o
/usr/bin/cc    -DCHECK_FUNCTION_EXISTS=sgesv_ -fPIE   -o CMakeFiles/cmTC_7dbce.dir/CheckFunctionExists.c.o   -c /usr/share/cmake-3.5/Modules/CheckFunctionExists.c
Linking C executable cmTC_7dbce
/usr/bin/cmake -E cmake_link_script CMakeFiles/cmTC_7dbce.dir/link.txt --verbose=1
/usr/bin/cc   -DCHECK_FUNCTION_EXISTS=sgesv_    CMakeFiles/cmTC_7dbce.dir/CheckFunctionExists.c.o  -o cmTC_7dbce -rdynamic /usr/lib/liblapack.so 
make[1]: se sale del directorio '/home/disa/catkin_ws/src/dlib-19.18/build/temp.linux-x86_64-2.7/CMakeFiles/CMakeTmp'


